yarn run v1.22.22
$ storybook build --output-dir C:\Users\FUJITSU\AppData\Local\Temp\chromatic--5788-ORpQYfF5kBSP
@storybook/cli v7.6.6

info => Cleaning outputDir: C:\Users\FUJITSU\AppData\Local\Temp\chromatic--5788-ORpQYfF5kBSP
info => Loading presets
info => Building manager..
info => Manager built (1.09 s)
info => Building preview..
info => Copying static files: C:\Users\FUJITSU\Documents\react\taskbox\node_modules\@storybook\manager\static at C:\Users\FUJITSU\AppData\Local\Temp\chromatic--5788-ORpQYfF5kBSP\sb-common-assets
info => Copying static files: C:\Users\FUJITSU\Documents\react\taskbox\public at C:\Users\FUJITSU\AppData\Local\Temp\chromatic--5788-ORpQYfF5kBSP\
[36mvite v4.5.1 [32mbuilding for production...[36m[39m
transforming...
[32m✓[39m 578 modules transformed.
rendering chunks...
computing gzip size...
[2m../../../AppData/Local/Temp/chromatic--5788-ORpQYfF5kBSP/[22m[32massets/direction-94a9917f.svg                  [39m[1m[2m  1.28 kB[22m[1m[22m[2m │ gzip:   0.70 kB[22m
[2m../../../AppData/Local/Temp/chromatic--5788-ORpQYfF5kBSP/[22m[32massets/flow-275142c6.svg                       [39m[1m[2m  1.39 kB[22m[1m[22m[2m │ gzip:   0.68 kB[22m
[2m../../../AppData/Local/Temp/chromatic--5788-ORpQYfF5kBSP/[22m[32massets/code-brackets-9ef6443e.svg              [39m[1m[2m  1.46 kB[22m[1m[22m[2m │ gzip:   0.70 kB[22m
[2m../../../AppData/Local/Temp/chromatic--5788-ORpQYfF5kBSP/[22m[32massets/comments-f15a6837.svg                   [39m[1m[2m  1.53 kB[22m[1m[22m[2m │ gzip:   0.70 kB[22m
[2m../../../AppData/Local/Temp/chromatic--5788-ORpQYfF5kBSP/[22m[32massets/repo-fb4ece47.svg                       [39m[1m[2m  1.64 kB[22m[1m[22m[2m │ gzip:   0.82 kB[22m
[2m../../../AppData/Local/Temp/chromatic--5788-ORpQYfF5kBSP/[22m[32massets/plugin-57148314.svg                     [39m[1m[2m  2.17 kB[22m[1m[22m[2m │ gzip:   0.96 kB[22m
[2m../../../AppData/Local/Temp/chromatic--5788-ORpQYfF5kBSP/[22m[32massets/stackalt-2ad81543.svg                   [39m[1m[2m  2.55 kB[22m[1m[22m[2m │ gzip:   1.06 kB[22m
[2m../../../AppData/Local/Temp/chromatic--5788-ORpQYfF5kBSP/[22m[32massets/colors-ac9401f3.svg                     [39m[1m[2m  8.51 kB[22m[1m[22m[2m │ gzip:   3.42 kB[22m
[2m../../../AppData/Local/Temp/chromatic--5788-ORpQYfF5kBSP/[22m[32miframe.html                                    [39m[1m[2m 12.79 kB[22m[1m[22m[2m │ gzip:   3.59 kB[22m
[2m../../../AppData/Local/Temp/chromatic--5788-ORpQYfF5kBSP/[22m[35massets/Header-e719f21b.css                     [39m[1m[2m  0.43 kB[22m[1m[22m[2m │ gzip:   0.29 kB[22m
[2m../../../AppData/Local/Temp/chromatic--5788-ORpQYfF5kBSP/[22m[35massets/Button-bc1a867b.css                     [39m[1m[2m  0.52 kB[22m[1m[22m[2m │ gzip:   0.29 kB[22m
[2m../../../AppData/Local/Temp/chromatic--5788-ORpQYfF5kBSP/[22m[35massets/Page.stories-62652a55.css               [39m[1m[2m  0.85 kB[22m[1m[22m[2m │ gzip:   0.38 kB[22m
[2m../../../AppData/Local/Temp/chromatic--5788-ORpQYfF5kBSP/[22m[36massets/preview-1e5c59db.js                     [39m[1m[2m  0.15 kB[22m[1m[22m[2m │ gzip:   0.15 kB[22m
[2m../../../AppData/Local/Temp/chromatic--5788-ORpQYfF5kBSP/[22m[36massets/index-9eea8125.js                       [39m[1m[2m  0.21 kB[22m[1m[22m[2m │ gzip:   0.17 kB[22m
[2m../../../AppData/Local/Temp/chromatic--5788-ORpQYfF5kBSP/[22m[36massets/WithTooltip-V3YHNWJZ-352ff426.js        [39m[1m[2m  0.36 kB[22m[1m[22m[2m │ gzip:   0.21 kB[22m
[2m../../../AppData/Local/Temp/chromatic--5788-ORpQYfF5kBSP/[22m[36massets/syntaxhighlighter-V7JZZA35-b50db31b.js  [39m[1m[2m  0.38 kB[22m[1m[22m[2m │ gzip:   0.23 kB[22m
[2m../../../AppData/Local/Temp/chromatic--5788-ORpQYfF5kBSP/[22m[36massets/index-a1cf9e47.js                       [39m[1m[2m  0.49 kB[22m[1m[22m[2m │ gzip:   0.31 kB[22m
[2m../../../AppData/Local/Temp/chromatic--5788-ORpQYfF5kBSP/[22m[36massets/preview-2d3f48f2.js                     [39m[1m[2m  0.50 kB[22m[1m[22m[2m │ gzip:   0.30 kB[22m
[2m../../../AppData/Local/Temp/chromatic--5788-ORpQYfF5kBSP/[22m[36massets/react-18-988a5df2.js                    [39m[1m[2m  0.55 kB[22m[1m[22m[2m │ gzip:   0.34 kB[22m
[2m../../../AppData/Local/Temp/chromatic--5788-ORpQYfF5kBSP/[22m[36massets/preview-73104b77.js                     [39m[1m[2m  0.64 kB[22m[1m[22m[2m │ gzip:   0.45 kB[22m
[2m../../../AppData/Local/Temp/chromatic--5788-ORpQYfF5kBSP/[22m[36massets/_commonjsHelpers-de833af9.js            [39m[1m[2m  0.69 kB[22m[1m[22m[2m │ gzip:   0.38 kB[22m
[2m../../../AppData/Local/Temp/chromatic--5788-ORpQYfF5kBSP/[22m[36massets/index-356e4a49.js                       [39m[1m[2m  0.77 kB[22m[1m[22m[2m │ gzip:   0.47 kB[22m
[2m../../../AppData/Local/Temp/chromatic--5788-ORpQYfF5kBSP/[22m[36massets/index-8d47fad6.js                       [39m[1m[2m  0.80 kB[22m[1m[22m[2m │ gzip:   0.52 kB[22m
[2m../../../AppData/Local/Temp/chromatic--5788-ORpQYfF5kBSP/[22m[36massets/preview-0ef86afd.js                     [39m[1m[2m  0.86 kB[22m[1m[22m[2m │ gzip:   0.55 kB[22m
[2m../../../AppData/Local/Temp/chromatic--5788-ORpQYfF5kBSP/[22m[36massets/Header.stories-ee6fa174.js              [39m[1m[2m  0.87 kB[22m[1m[22m[2m │ gzip:   0.45 kB[22m
[2m../../../AppData/Local/Temp/chromatic--5788-ORpQYfF5kBSP/[22m[36massets/jsx-runtime-29545a09.js                 [39m[1m[2m  0.97 kB[22m[1m[22m[2m │ gzip:   0.60 kB[22m
[2m../../../AppData/Local/Temp/chromatic--5788-ORpQYfF5kBSP/[22m[36massets/entry-preview-1f5c28fc.js               [39m[1m[2m  1.15 kB[22m[1m[22m[2m │ gzip:   0.67 kB[22m
[2m../../../AppData/Local/Temp/chromatic--5788-ORpQYfF5kBSP/[22m[36massets/DocsRenderer-NNNQARDV-94074562.js       [39m[1m[2m  1.25 kB[22m[1m[22m[2m │ gzip:   0.66 kB[22m
[2m../../../AppData/Local/Temp/chromatic--5788-ORpQYfF5kBSP/[22m[36massets/Button-32da8f92.js                      [39m[1m[2m  1.44 kB[22m[1m[22m[2m │ gzip:   0.66 kB[22m
[2m../../../AppData/Local/Temp/chromatic--5788-ORpQYfF5kBSP/[22m[36massets/Button.stories-c68e4b2b.js              [39m[1m[2m  1.49 kB[22m[1m[22m[2m │ gzip:   0.56 kB[22m
[2m../../../AppData/Local/Temp/chromatic--5788-ORpQYfF5kBSP/[22m[36massets/Header-6deac514.js                      [39m[1m[2m  1.65 kB[22m[1m[22m[2m │ gzip:   0.80 kB[22m
[2m../../../AppData/Local/Temp/chromatic--5788-ORpQYfF5kBSP/[22m[36massets/index-11d98b33.js                       [39m[1m[2m  2.59 kB[22m[1m[22m[2m │ gzip:   1.26 kB[22m
[2m../../../AppData/Local/Temp/chromatic--5788-ORpQYfF5kBSP/[22m[36massets/preview-30b54f76.js                     [39m[1m[2m  3.21 kB[22m[1m[22m[2m │ gzip:   1.37 kB[22m
[2m../../../AppData/Local/Temp/chromatic--5788-ORpQYfF5kBSP/[22m[36massets/iframe-09edc196.js                      [39m[1m[2m  4.96 kB[22m[1m[22m[2m │ gzip:   1.71 kB[22m
[2m../../../AppData/Local/Temp/chromatic--5788-ORpQYfF5kBSP/[22m[36massets/preview-d01b88e8.js                     [39m[1m[2m  5.23 kB[22m[1m[22m[2m │ gzip:   2.41 kB[22m
[2m../../../AppData/Local/Temp/chromatic--5788-ORpQYfF5kBSP/[22m[36massets/Introduction-4f19eda2.js                [39m[1m[2m  6.60 kB[22m[1m[22m[2m │ gzip:   2.17 kB[22m
[2m../../../AppData/Local/Temp/chromatic--5788-ORpQYfF5kBSP/[22m[36massets/index-76fb7be0.js                       [39m[1m[2m  7.16 kB[22m[1m[22m[2m │ gzip:   2.91 kB[22m
[2m../../../AppData/Local/Temp/chromatic--5788-ORpQYfF5kBSP/[22m[36massets/preview-da31036b.js                     [39m[1m[2m  7.62 kB[22m[1m[22m[2m │ gzip:   1.55 kB[22m
[2m../../../AppData/Local/Temp/chromatic--5788-ORpQYfF5kBSP/[22m[36massets/preview-c56bf6ac.js                     [39m[1m[2m  8.28 kB[22m[1m[22m[2m │ gzip:   3.17 kB[22m
[2m../../../AppData/Local/Temp/chromatic--5788-ORpQYfF5kBSP/[22m[36massets/Color-6VNJS4EI-09d4e09b.js              [39m[1m[2m 30.98 kB[22m[1m[22m[2m │ gzip:  11.70 kB[22m
[2m../../../AppData/Local/Temp/chromatic--5788-ORpQYfF5kBSP/[22m[36massets/preview-21802b0a.js                     [39m[1m[2m 72.07 kB[22m[1m[22m[2m │ gzip:  24.41 kB[22m
[2m../../../AppData/Local/Temp/chromatic--5788-ORpQYfF5kBSP/[22m[36massets/index-8fd8397b.js                       [39m[1m[2m 78.40 kB[22m[1m[22m[2m │ gzip:  23.55 kB[22m
[2m../../../AppData/Local/Temp/chromatic--5788-ORpQYfF5kBSP/[22m[36massets/index-d3ea75b5.js                       [39m[1m[2m134.07 kB[22m[1m[22m[2m │ gzip:  43.21 kB[22m
[2m../../../AppData/Local/Temp/chromatic--5788-ORpQYfF5kBSP/[22m[36massets/entry-preview-docs-b427957a.js          [39m[1m[2m212.40 kB[22m[1m[22m[2m │ gzip:  66.48 kB[22m
[2m../../../AppData/Local/Temp/chromatic--5788-ORpQYfF5kBSP/[22m[36massets/index-302c6989.js                       [39m[1m[33m536.40 kB[39m[22m[2m │ gzip: 175.37 kB[22m
[2m../../../AppData/Local/Temp/chromatic--5788-ORpQYfF5kBSP/[22m[36massets/Page.stories-ddf2547c.js                [39m[1m[33m563.07 kB[39m[22m[2m │ gzip: 149.72 kB[22m
[2m../../../AppData/Local/Temp/chromatic--5788-ORpQYfF5kBSP/[22m[36massets/formatter-SWP5E3XI-b20ea498.js          [39m[1m[33m601.56 kB[39m[22m[2m │ gzip: 186.20 kB[22m
[32m✓ built in 22.74s[39m
info => Preview built (25 s)
info => Output directory: C:\Users\FUJITSU\AppData\Local\Temp\chromatic--5788-ORpQYfF5kBSP
Done in 44.72s.
